<?xml version="1.0" encoding="UTF-8"?>
<testng-results skipped="0" failed="0" ignored="0" total="2" passed="2">
  <reporter-output>
  </reporter-output>
  <suite name="Default suite" duration-ms="414" started-at="2020-06-08T14:22:12 IST" finished-at="2020-06-08T14:22:12 IST">
    <groups>
    </groups>
    <test name="Default test" duration-ms="414" started-at="2020-06-08T14:22:12 IST" finished-at="2020-06-08T14:22:12 IST">
      <class name="mavendemo.demotest.AppTest">
        <test-method status="PASS" signature="test1()[pri:0, instance:mavendemo.demotest.AppTest@32464a14]" name="test1" duration-ms="72" started-at="2020-06-08T14:22:12 IST" finished-at="2020-06-08T14:22:12 IST">
          <reporter-output>
          </reporter-output>
        </test-method> <!-- test1 -->
        <test-method status="PASS" signature="test2()[pri:0, instance:mavendemo.demotest.AppTest@32464a14]" name="test2" duration-ms="3" started-at="2020-06-08T14:22:12 IST" finished-at="2020-06-08T14:22:12 IST">
          <reporter-output>
          </reporter-output>
        </test-method> <!-- test2 -->
      </class> <!-- mavendemo.demotest.AppTest -->
    </test> <!-- Default test -->
  </suite> <!-- Default suite -->
</testng-results>
