<?xml version="1.0" encoding="UTF-8"?>
<testng-results skipped="0" failed="0" ignored="0" total="1" passed="1">
  <reporter-output>
  </reporter-output>
  <suite name="Default suite" duration-ms="68" started-at="2020-06-06T22:14:53 IST" finished-at="2020-06-06T22:14:53 IST">
    <groups>
    </groups>
    <test name="Default test" duration-ms="68" started-at="2020-06-06T22:14:53 IST" finished-at="2020-06-06T22:14:53 IST">
      <class name="mavendemo.demotest.ArithmeticOperationsTest">
        <test-method status="PASS" signature="shouldAnswerWithTrue()[pri:0, instance:mavendemo.demotest.ArithmeticOperationsTest@49070868]" name="shouldAnswerWithTrue" duration-ms="13" started-at="2020-06-06T22:14:53 IST" finished-at="2020-06-06T22:14:53 IST">
          <reporter-output>
          </reporter-output>
        </test-method> <!-- shouldAnswerWithTrue -->
      </class> <!-- mavendemo.demotest.ArithmeticOperationsTest -->
    </test> <!-- Default test -->
  </suite> <!-- Default suite -->
</testng-results>
